There are 60 interacting pairs.
Group 1: PRO(177)-PRO(177)
Group 1: PRO(177)-SER(180)
Group 1: GLY(179)-SER(180)
Group 1: SER(180)-GLY(179)
Group 1: SER(180)-SER(180)
Group 1: SER(180)-GLY(181)
Group 1: GLY(181)-SER(180)
Group 1: GLY(181)-ASP(205)
Group 1: ASN(182)-ASN(182)
Group 1: ASN(182)-VAL(206)
Group 1: ASP(205)-GLY(181)
Group 1: ALA(204)-ARG(364)
Group 1: ALA(204)-ASP(418)
Group 1: ASP(205)-ALA(322)
Group 1: ASP(205)-ASP(362)
Group 1: ASP(205)-PRO(363)
Group 1: ASP(205)-ARG(364)
Group 1: VAL(206)-ASN(182)
Group 1: VAL(206)-PRO(360)
Group 1: VAL(206)-ASP(362)
Group 1: VAL(206)-PRO(363)
Group 1: MET(207)-ASP(358)
Group 1: MET(207)-GLY(359)
Group 1: MET(207)-PRO(360)
Group 1: MET(207)-ALA(361)
Group 1: MET(207)-ASP(362)
Group 1: MET(207)-PRO(363)
Group 1: MET(207)-LEU(371)
Group 1: ALA(208)-PRO(363)
Group 1: ALA(209)-PRO(363)
Group 1: ALA(242)-ALA(419)
Group 1: GLU(255)-ASP(418)
Group 1: GLU(255)-ALA(419)
Group 1: LYS(320)-ASP(205)
Group 1: ALA(322)-ASP(205)
Group 1: GLY(359)-MET(207)
Group 1: PRO(360)-MET(207)
Group 1: ALA(361)-MET(207)
Group 1: ASP(362)-ALA(204)
Group 1: ASP(362)-ASP(205)
Group 1: ASP(362)-VAL(206)
Group 1: ASP(362)-MET(207)
Group 1: PRO(363)-ASP(205)
Group 1: PRO(363)-VAL(206)
Group 1: PRO(363)-MET(207)
Group 1: PRO(363)-ALA(208)
Group 1: PRO(363)-ALA(209)
Group 1: ARG(364)-ALA(204)
Group 1: ARG(364)-ASP(205)
Group 1: ALA(366)-MET(207)
Group 1: LEU(371)-MET(207)
Group 1: ASP(418)-ALA(204)
Group 1: THR(417)-ALA(242)
Group 1: THR(417)-GLU(255)
Group 1: ASP(418)-GLU(255)
Group 1: ALA(419)-GLY(241)
Group 1: ALA(419)-ALA(242)
Group 1: ALA(419)-GLU(255)
Group 1: GLY(420)-ALA(242)
Group 2: GLU(445)-ALA(153)
Number of groups = 2
